Command line:
   cont_check_isim_beh.exe
     -simmode  gui
     -simrunnum  0
     -socket  54962

Fri Aug 19 14:28:17 2016


 Elaboration Time: 0.0625 sec

 Current Memory Usage: 844.055 Meg

 Total Signals          : 55
 Total Nets             : 58
 Total Signal Drivers   : 48
 Total Blocks           : 6
 Total Primitive Blocks : 4
 Total Processes        : 52
 Total Traceable Variables  : 24
 Total Scalar Nets and Variables : 177
Total Line Count : 103

 Total Simulation Time: 0.578125 sec

 Current Memory Usage: 844.055 Meg

Fri Aug 19 14:29:57 2016

